<?xml version="1.0" encoding="UTF-8"?>
<!-- Generated by org.testng.reporters.JUnitXMLReporter -->
<testsuite hostname="A11754" ignored="0" name="EmployeesRestAPITest" tests="34" failures="2" timestamp="2019-11-04T22:30:49 IST" time="47.94" errors="0">
  <testcase name="checkContentLenght" time="0.014" classname="com.employeeapi.testcase.TC001_Get_All_Employees"/>
  <testcase name="checkContentType" time="0.001" classname="com.employeeapi.testcase.TC001_Get_All_Employees"/>
  <testcase name="checkCookies" time="0.008" classname="com.employeeapi.testcase.TC001_Get_All_Employees"/>
  <testcase name="checkResponseTime" time="0.013" classname="com.employeeapi.testcase.TC001_Get_All_Employees"/>
  <testcase name="checkResposeBody" time="0.065" classname="com.employeeapi.testcase.TC001_Get_All_Employees"/>
  <testcase name="checkStatusCode" time="0.005" classname="com.employeeapi.testcase.TC001_Get_All_Employees"/>
  <testcase name="checkcontentEncoding" time="0.001" classname="com.employeeapi.testcase.TC001_Get_All_Employees"/>
  <testcase name="checkserverType" time="0.008" classname="com.employeeapi.testcase.TC001_Get_All_Employees"/>
  <testcase name="checkstatusLine" time="0.004" classname="com.employeeapi.testcase.TC001_Get_All_Employees"/>
  <testcase name="checkContentLenght" time="0.001" classname="com.employeeapi.testcase.TC002_Get_Single_Employee_Record"/>
  <testcase name="checkContentType" time="0.006" classname="com.employeeapi.testcase.TC002_Get_Single_Employee_Record"/>
  <testcase name="checkResponseTime" time="0.002" classname="com.employeeapi.testcase.TC002_Get_Single_Employee_Record"/>
  <testcase name="checkResposeBody" time="0.001" classname="com.employeeapi.testcase.TC002_Get_Single_Employee_Record"/>
  <testcase name="checkStatusCode" time="0.005" classname="com.employeeapi.testcase.TC002_Get_Single_Employee_Record"/>
  <testcase name="checkserverType" time="0.004" classname="com.employeeapi.testcase.TC002_Get_Single_Employee_Record"/>
  <testcase name="checkstatusLine" time="0.004" classname="com.employeeapi.testcase.TC002_Get_Single_Employee_Record"/>
  <testcase name="checkContentType" time="0.004" classname="com.employeeapi.testcase.TC003_Post_Employee_Record"/>
  <testcase name="checkResposeBody" time="0.01" classname="com.employeeapi.testcase.TC003_Post_Employee_Record">
    <failure type="java.lang.AssertionError" message="expected [true] but found [false]">
      <![CDATA[java.lang.AssertionError: expected [true] but found [false]
at com.employeeapi.testcase.TC003_Post_Employee_Record.checkResposeBody(TC003_Post_Employee_Record.java:57)
at java.util.ArrayList.forEach(Unknown Source)
... Removed 32 stack frames]]>
    </failure>
  </testcase> <!-- checkResposeBody -->
  <testcase name="checkStatusCode" time="0.006" classname="com.employeeapi.testcase.TC003_Post_Employee_Record"/>
  <testcase name="checkcontentEncoding" time="0.005" classname="com.employeeapi.testcase.TC003_Post_Employee_Record"/>
  <testcase name="checkserverType" time="0.004" classname="com.employeeapi.testcase.TC003_Post_Employee_Record"/>
  <testcase name="checkstatusLine" time="0.001" classname="com.employeeapi.testcase.TC003_Post_Employee_Record"/>
  <testcase name="checkContentType" time="0.005" classname="com.employeeapi.testcase.TC004_Put_Employee_Record"/>
  <testcase name="checkResposeBody" time="0.007" classname="com.employeeapi.testcase.TC004_Put_Employee_Record">
    <failure type="java.lang.AssertionError" message="expected [true] but found [false]">
      <![CDATA[java.lang.AssertionError: expected [true] but found [false]
at com.employeeapi.testcase.TC004_Put_Employee_Record.checkResposeBody(TC004_Put_Employee_Record.java:66)
at java.util.ArrayList.forEach(Unknown Source)
... Removed 32 stack frames]]>
    </failure>
  </testcase> <!-- checkResposeBody -->
  <testcase name="checkStatusCode" time="0.007" classname="com.employeeapi.testcase.TC004_Put_Employee_Record"/>
  <testcase name="checkcontentEncoding" time="0.002" classname="com.employeeapi.testcase.TC004_Put_Employee_Record"/>
  <testcase name="checkserverType" time="0.003" classname="com.employeeapi.testcase.TC004_Put_Employee_Record"/>
  <testcase name="checkstatusLine" time="0.007" classname="com.employeeapi.testcase.TC004_Put_Employee_Record"/>
  <testcase name="checkContentType" time="0.003" classname="com.employeeapi.testcase.TC005_Delete_Employee_Record"/>
  <testcase name="checkResposeBody" time="0.003" classname="com.employeeapi.testcase.TC005_Delete_Employee_Record"/>
  <testcase name="checkStatusCode" time="0.004" classname="com.employeeapi.testcase.TC005_Delete_Employee_Record"/>
  <testcase name="checkcontentEncoding" time="0.001" classname="com.employeeapi.testcase.TC005_Delete_Employee_Record"/>
  <testcase name="checkserverType" time="0.0" classname="com.employeeapi.testcase.TC005_Delete_Employee_Record"/>
  <testcase name="checkstatusLine" time="0.005" classname="com.employeeapi.testcase.TC005_Delete_Employee_Record"/>
</testsuite> <!-- EmployeesRestAPITest -->
