<?xml version="1.0" encoding="UTF-8"?>
<testng-results skipped="0" failed="2" ignored="0" total="34" passed="32">
  <reporter-output>
  </reporter-output>
  <suite name="EmployeesRestAPISuite" duration-ms="47940" started-at="2019-11-04T22:30:01 IST" finished-at="2019-11-04T22:30:49 IST">
    <groups>
    </groups>
    <test name="EmployeesRestAPITest" duration-ms="47940" started-at="2019-11-04T22:30:01 IST" finished-at="2019-11-04T22:30:49 IST">
      <class name="com.employeeapi.testcase.TC004_Put_Employee_Record">
        <test-method status="PASS" signature="setup()[pri:0, instance:com.employeeapi.testcase.TC004_Put_Employee_Record@1e6d1014]" name="setup" is-config="true" duration-ms="14" started-at="2019-11-04T22:30:33 IST" finished-at="2019-11-04T22:30:33 IST">
          <reporter-output>
          </reporter-output>
        </test-method> <!-- setup -->
        <test-method status="PASS" signature="updateEmployee()[pri:0, instance:com.employeeapi.testcase.TC004_Put_Employee_Record@1e6d1014]" name="updateEmployee" is-config="true" duration-ms="8503" started-at="2019-11-04T22:30:33 IST" finished-at="2019-11-04T22:30:42 IST">
          <reporter-output>
          </reporter-output>
        </test-method> <!-- updateEmployee -->
        <test-method status="PASS" signature="checkContentType()[pri:0, instance:com.employeeapi.testcase.TC004_Put_Employee_Record@1e6d1014]" name="checkContentType" duration-ms="5" started-at="2019-11-04T22:30:42 IST" finished-at="2019-11-04T22:30:42 IST">
          <reporter-output>
          </reporter-output>
        </test-method> <!-- checkContentType -->
        <test-method status="FAIL" signature="checkResposeBody()[pri:0, instance:com.employeeapi.testcase.TC004_Put_Employee_Record@1e6d1014]" name="checkResposeBody" duration-ms="7" started-at="2019-11-04T22:30:42 IST" finished-at="2019-11-04T22:30:42 IST">
          <exception class="java.lang.AssertionError">
            <message>
              <![CDATA[expected [true] but found [false]]]>
            </message>
            <full-stacktrace>
              <![CDATA[java.lang.AssertionError: expected [true] but found [false]
at org.testng.Assert.fail(Assert.java:97)
at org.testng.Assert.assertEqualsImpl(Assert.java:136)
at org.testng.Assert.assertEquals(Assert.java:118)
at org.testng.Assert.assertEquals(Assert.java:751)
at org.testng.Assert.assertEquals(Assert.java:761)
at com.employeeapi.testcase.TC004_Put_Employee_Record.checkResposeBody(TC004_Put_Employee_Record.java:66)
at sun.reflect.NativeMethodAccessorImpl.invoke0(Native Method)
at sun.reflect.NativeMethodAccessorImpl.invoke(Unknown Source)
at sun.reflect.DelegatingMethodAccessorImpl.invoke(Unknown Source)
at java.lang.reflect.Method.invoke(Unknown Source)
at org.testng.internal.MethodInvocationHelper.invokeMethod(MethodInvocationHelper.java:133)
at org.testng.internal.TestInvoker.invokeMethod(TestInvoker.java:584)
at org.testng.internal.TestInvoker.invokeTestMethod(TestInvoker.java:172)
at org.testng.internal.MethodRunner.runInSequence(MethodRunner.java:46)
at org.testng.internal.TestInvoker$MethodInvocationAgent.invoke(TestInvoker.java:804)
at org.testng.internal.TestInvoker.invokeTestMethods(TestInvoker.java:145)
at org.testng.internal.TestMethodWorker.invokeTestMethods(TestMethodWorker.java:146)
at org.testng.internal.TestMethodWorker.run(TestMethodWorker.java:128)
at java.util.ArrayList.forEach(Unknown Source)
at org.testng.TestRunner.privateRun(TestRunner.java:770)
at org.testng.TestRunner.run(TestRunner.java:591)
at org.testng.SuiteRunner.runTest(SuiteRunner.java:402)
at org.testng.SuiteRunner.runSequentially(SuiteRunner.java:396)
at org.testng.SuiteRunner.privateRun(SuiteRunner.java:355)
at org.testng.SuiteRunner.run(SuiteRunner.java:304)
at org.testng.SuiteRunnerWorker.runSuite(SuiteRunnerWorker.java:53)
at org.testng.SuiteRunnerWorker.run(SuiteRunnerWorker.java:96)
at org.testng.TestNG.runSuitesSequentially(TestNG.java:1180)
at org.testng.TestNG.runSuitesLocally(TestNG.java:1102)
at org.testng.TestNG.runSuites(TestNG.java:1032)
at org.testng.TestNG.run(TestNG.java:1000)
at org.testng.remote.AbstractRemoteTestNG.run(AbstractRemoteTestNG.java:115)
at org.testng.remote.RemoteTestNG.initAndRun(RemoteTestNG.java:251)
at org.testng.remote.RemoteTestNG.main(RemoteTestNG.java:77)
]]>
            </full-stacktrace>
          </exception> <!-- java.lang.AssertionError -->
          <reporter-output>
          </reporter-output>
        </test-method> <!-- checkResposeBody -->
        <test-method status="PASS" signature="checkStatusCode()[pri:0, instance:com.employeeapi.testcase.TC004_Put_Employee_Record@1e6d1014]" name="checkStatusCode" duration-ms="7" started-at="2019-11-04T22:30:42 IST" finished-at="2019-11-04T22:30:42 IST">
          <reporter-output>
          </reporter-output>
        </test-method> <!-- checkStatusCode -->
        <test-method status="PASS" signature="checkcontentEncoding()[pri:0, instance:com.employeeapi.testcase.TC004_Put_Employee_Record@1e6d1014]" name="checkcontentEncoding" duration-ms="2" started-at="2019-11-04T22:30:42 IST" finished-at="2019-11-04T22:30:42 IST">
          <reporter-output>
          </reporter-output>
        </test-method> <!-- checkcontentEncoding -->
        <test-method status="PASS" signature="checkserverType()[pri:0, instance:com.employeeapi.testcase.TC004_Put_Employee_Record@1e6d1014]" name="checkserverType" duration-ms="3" started-at="2019-11-04T22:30:42 IST" finished-at="2019-11-04T22:30:42 IST">
          <reporter-output>
          </reporter-output>
        </test-method> <!-- checkserverType -->
        <test-method status="PASS" signature="checkstatusLine()[pri:0, instance:com.employeeapi.testcase.TC004_Put_Employee_Record@1e6d1014]" name="checkstatusLine" duration-ms="7" started-at="2019-11-04T22:30:42 IST" finished-at="2019-11-04T22:30:42 IST">
          <reporter-output>
          </reporter-output>
        </test-method> <!-- checkstatusLine -->
        <test-method status="PASS" signature="tearDown()[pri:0, instance:com.employeeapi.testcase.TC004_Put_Employee_Record@1e6d1014]" name="tearDown" is-config="true" duration-ms="4" started-at="2019-11-04T22:30:42 IST" finished-at="2019-11-04T22:30:42 IST">
          <reporter-output>
          </reporter-output>
        </test-method> <!-- tearDown -->
      </class> <!-- com.employeeapi.testcase.TC004_Put_Employee_Record -->
      <class name="com.employeeapi.testcase.TC001_Get_All_Employees">
        <test-method status="PASS" signature="setup()[pri:0, instance:com.employeeapi.testcase.TC001_Get_All_Employees@5d76b067]" name="setup" is-config="true" duration-ms="41" started-at="2019-11-04T22:30:01 IST" finished-at="2019-11-04T22:30:01 IST">
          <reporter-output>
          </reporter-output>
        </test-method> <!-- setup -->
        <test-method status="PASS" signature="getAllEmployees()[pri:0, instance:com.employeeapi.testcase.TC001_Get_All_Employees@5d76b067]" name="getAllEmployees" is-config="true" duration-ms="13203" started-at="2019-11-04T22:30:01 IST" finished-at="2019-11-04T22:30:14 IST">
          <reporter-output>
          </reporter-output>
        </test-method> <!-- getAllEmployees -->
        <test-method status="PASS" signature="checkContentLenght()[pri:0, instance:com.employeeapi.testcase.TC001_Get_All_Employees@5d76b067]" name="checkContentLenght" duration-ms="14" started-at="2019-11-04T22:30:14 IST" finished-at="2019-11-04T22:30:14 IST">
          <reporter-output>
          </reporter-output>
        </test-method> <!-- checkContentLenght -->
        <test-method status="PASS" signature="checkContentType()[pri:0, instance:com.employeeapi.testcase.TC001_Get_All_Employees@5d76b067]" name="checkContentType" duration-ms="1" started-at="2019-11-04T22:30:14 IST" finished-at="2019-11-04T22:30:14 IST">
          <reporter-output>
          </reporter-output>
        </test-method> <!-- checkContentType -->
        <test-method status="PASS" signature="checkCookies()[pri:0, instance:com.employeeapi.testcase.TC001_Get_All_Employees@5d76b067]" name="checkCookies" duration-ms="8" started-at="2019-11-04T22:30:14 IST" finished-at="2019-11-04T22:30:14 IST">
          <reporter-output>
          </reporter-output>
        </test-method> <!-- checkCookies -->
        <test-method status="PASS" signature="checkResponseTime()[pri:0, instance:com.employeeapi.testcase.TC001_Get_All_Employees@5d76b067]" name="checkResponseTime" duration-ms="13" started-at="2019-11-04T22:30:14 IST" finished-at="2019-11-04T22:30:14 IST">
          <reporter-output>
          </reporter-output>
        </test-method> <!-- checkResponseTime -->
        <test-method status="PASS" signature="checkResposeBody()[pri:0, instance:com.employeeapi.testcase.TC001_Get_All_Employees@5d76b067]" name="checkResposeBody" duration-ms="65" started-at="2019-11-04T22:30:14 IST" finished-at="2019-11-04T22:30:14 IST">
          <reporter-output>
          </reporter-output>
        </test-method> <!-- checkResposeBody -->
        <test-method status="PASS" signature="checkStatusCode()[pri:0, instance:com.employeeapi.testcase.TC001_Get_All_Employees@5d76b067]" name="checkStatusCode" duration-ms="5" started-at="2019-11-04T22:30:14 IST" finished-at="2019-11-04T22:30:14 IST">
          <reporter-output>
          </reporter-output>
        </test-method> <!-- checkStatusCode -->
        <test-method status="PASS" signature="checkcontentEncoding()[pri:0, instance:com.employeeapi.testcase.TC001_Get_All_Employees@5d76b067]" name="checkcontentEncoding" duration-ms="1" started-at="2019-11-04T22:30:14 IST" finished-at="2019-11-04T22:30:14 IST">
          <reporter-output>
          </reporter-output>
        </test-method> <!-- checkcontentEncoding -->
        <test-method status="PASS" signature="checkserverType()[pri:0, instance:com.employeeapi.testcase.TC001_Get_All_Employees@5d76b067]" name="checkserverType" duration-ms="8" started-at="2019-11-04T22:30:14 IST" finished-at="2019-11-04T22:30:14 IST">
          <reporter-output>
          </reporter-output>
        </test-method> <!-- checkserverType -->
        <test-method status="PASS" signature="checkstatusLine()[pri:0, instance:com.employeeapi.testcase.TC001_Get_All_Employees@5d76b067]" name="checkstatusLine" duration-ms="4" started-at="2019-11-04T22:30:14 IST" finished-at="2019-11-04T22:30:14 IST">
          <reporter-output>
          </reporter-output>
        </test-method> <!-- checkstatusLine -->
        <test-method status="PASS" signature="tearDown()[pri:0, instance:com.employeeapi.testcase.TC001_Get_All_Employees@5d76b067]" name="tearDown" is-config="true" duration-ms="0" started-at="2019-11-04T22:30:14 IST" finished-at="2019-11-04T22:30:14 IST">
          <reporter-output>
          </reporter-output>
        </test-method> <!-- tearDown -->
      </class> <!-- com.employeeapi.testcase.TC001_Get_All_Employees -->
      <class name="com.employeeapi.testcase.TC002_Get_Single_Employee_Record">
        <test-method status="PASS" signature="setup()[pri:0, instance:com.employeeapi.testcase.TC002_Get_Single_Employee_Record@2a17b7b6]" name="setup" is-config="true" duration-ms="4" started-at="2019-11-04T22:30:14 IST" finished-at="2019-11-04T22:30:14 IST">
          <reporter-output>
          </reporter-output>
        </test-method> <!-- setup -->
        <test-method status="PASS" signature="getEmployeeData()[pri:0, instance:com.employeeapi.testcase.TC002_Get_Single_Employee_Record@2a17b7b6]" name="getEmployeeData" is-config="true" duration-ms="12274" started-at="2019-11-04T22:30:14 IST" finished-at="2019-11-04T22:30:27 IST">
          <reporter-output>
          </reporter-output>
        </test-method> <!-- getEmployeeData -->
        <test-method status="PASS" signature="checkContentLenght()[pri:0, instance:com.employeeapi.testcase.TC002_Get_Single_Employee_Record@2a17b7b6]" name="checkContentLenght" duration-ms="1" started-at="2019-11-04T22:30:27 IST" finished-at="2019-11-04T22:30:27 IST">
          <reporter-output>
          </reporter-output>
        </test-method> <!-- checkContentLenght -->
        <test-method status="PASS" signature="checkContentType()[pri:0, instance:com.employeeapi.testcase.TC002_Get_Single_Employee_Record@2a17b7b6]" name="checkContentType" duration-ms="6" started-at="2019-11-04T22:30:27 IST" finished-at="2019-11-04T22:30:27 IST">
          <reporter-output>
          </reporter-output>
        </test-method> <!-- checkContentType -->
        <test-method status="PASS" signature="checkResponseTime()[pri:0, instance:com.employeeapi.testcase.TC002_Get_Single_Employee_Record@2a17b7b6]" name="checkResponseTime" duration-ms="2" started-at="2019-11-04T22:30:27 IST" finished-at="2019-11-04T22:30:27 IST">
          <reporter-output>
          </reporter-output>
        </test-method> <!-- checkResponseTime -->
        <test-method status="PASS" signature="checkResposeBody()[pri:0, instance:com.employeeapi.testcase.TC002_Get_Single_Employee_Record@2a17b7b6]" name="checkResposeBody" duration-ms="1" started-at="2019-11-04T22:30:27 IST" finished-at="2019-11-04T22:30:27 IST">
          <reporter-output>
          </reporter-output>
        </test-method> <!-- checkResposeBody -->
        <test-method status="PASS" signature="checkStatusCode()[pri:0, instance:com.employeeapi.testcase.TC002_Get_Single_Employee_Record@2a17b7b6]" name="checkStatusCode" duration-ms="5" started-at="2019-11-04T22:30:27 IST" finished-at="2019-11-04T22:30:27 IST">
          <reporter-output>
          </reporter-output>
        </test-method> <!-- checkStatusCode -->
        <test-method status="PASS" signature="checkserverType()[pri:0, instance:com.employeeapi.testcase.TC002_Get_Single_Employee_Record@2a17b7b6]" name="checkserverType" duration-ms="4" started-at="2019-11-04T22:30:27 IST" finished-at="2019-11-04T22:30:27 IST">
          <reporter-output>
          </reporter-output>
        </test-method> <!-- checkserverType -->
        <test-method status="PASS" signature="checkstatusLine()[pri:0, instance:com.employeeapi.testcase.TC002_Get_Single_Employee_Record@2a17b7b6]" name="checkstatusLine" duration-ms="4" started-at="2019-11-04T22:30:27 IST" finished-at="2019-11-04T22:30:27 IST">
          <reporter-output>
          </reporter-output>
        </test-method> <!-- checkstatusLine -->
        <test-method status="PASS" signature="tearDown()[pri:0, instance:com.employeeapi.testcase.TC002_Get_Single_Employee_Record@2a17b7b6]" name="tearDown" is-config="true" duration-ms="1" started-at="2019-11-04T22:30:27 IST" finished-at="2019-11-04T22:30:27 IST">
          <reporter-output>
          </reporter-output>
        </test-method> <!-- tearDown -->
      </class> <!-- com.employeeapi.testcase.TC002_Get_Single_Employee_Record -->
      <class name="com.employeeapi.testcase.TC005_Delete_Employee_Record">
        <test-method status="PASS" signature="setup()[pri:0, instance:com.employeeapi.testcase.TC005_Delete_Employee_Record@76707e36]" name="setup" is-config="true" duration-ms="9" started-at="2019-11-04T22:30:42 IST" finished-at="2019-11-04T22:30:42 IST">
          <reporter-output>
          </reporter-output>
        </test-method> <!-- setup -->
        <test-method status="PASS" signature="deleteEmployee()[pri:0, instance:com.employeeapi.testcase.TC005_Delete_Employee_Record@76707e36]" name="deleteEmployee" is-config="true" duration-ms="7082" started-at="2019-11-04T22:30:42 IST" finished-at="2019-11-04T22:30:49 IST">
          <reporter-output>
          </reporter-output>
        </test-method> <!-- deleteEmployee -->
        <test-method status="PASS" signature="checkContentType()[pri:0, instance:com.employeeapi.testcase.TC005_Delete_Employee_Record@76707e36]" name="checkContentType" duration-ms="3" started-at="2019-11-04T22:30:49 IST" finished-at="2019-11-04T22:30:49 IST">
          <reporter-output>
          </reporter-output>
        </test-method> <!-- checkContentType -->
        <test-method status="PASS" signature="checkResposeBody()[pri:0, instance:com.employeeapi.testcase.TC005_Delete_Employee_Record@76707e36]" name="checkResposeBody" duration-ms="3" started-at="2019-11-04T22:30:49 IST" finished-at="2019-11-04T22:30:49 IST">
          <reporter-output>
          </reporter-output>
        </test-method> <!-- checkResposeBody -->
        <test-method status="PASS" signature="checkStatusCode()[pri:0, instance:com.employeeapi.testcase.TC005_Delete_Employee_Record@76707e36]" name="checkStatusCode" duration-ms="4" started-at="2019-11-04T22:30:49 IST" finished-at="2019-11-04T22:30:49 IST">
          <reporter-output>
          </reporter-output>
        </test-method> <!-- checkStatusCode -->
        <test-method status="PASS" signature="checkcontentEncoding()[pri:0, instance:com.employeeapi.testcase.TC005_Delete_Employee_Record@76707e36]" name="checkcontentEncoding" duration-ms="1" started-at="2019-11-04T22:30:49 IST" finished-at="2019-11-04T22:30:49 IST">
          <reporter-output>
          </reporter-output>
        </test-method> <!-- checkcontentEncoding -->
        <test-method status="PASS" signature="checkserverType()[pri:0, instance:com.employeeapi.testcase.TC005_Delete_Employee_Record@76707e36]" name="checkserverType" duration-ms="0" started-at="2019-11-04T22:30:49 IST" finished-at="2019-11-04T22:30:49 IST">
          <reporter-output>
          </reporter-output>
        </test-method> <!-- checkserverType -->
        <test-method status="PASS" signature="checkstatusLine()[pri:0, instance:com.employeeapi.testcase.TC005_Delete_Employee_Record@76707e36]" name="checkstatusLine" duration-ms="5" started-at="2019-11-04T22:30:49 IST" finished-at="2019-11-04T22:30:49 IST">
          <reporter-output>
          </reporter-output>
        </test-method> <!-- checkstatusLine -->
        <test-method status="PASS" signature="tearDown()[pri:0, instance:com.employeeapi.testcase.TC005_Delete_Employee_Record@76707e36]" name="tearDown" is-config="true" duration-ms="4" started-at="2019-11-04T22:30:49 IST" finished-at="2019-11-04T22:30:49 IST">
          <reporter-output>
          </reporter-output>
        </test-method> <!-- tearDown -->
      </class> <!-- com.employeeapi.testcase.TC005_Delete_Employee_Record -->
      <class name="com.employeeapi.testcase.TC003_Post_Employee_Record">
        <test-method status="PASS" signature="setup()[pri:0, instance:com.employeeapi.testcase.TC003_Post_Employee_Record@4f063c0a]" name="setup" is-config="true" duration-ms="8" started-at="2019-11-04T22:30:27 IST" finished-at="2019-11-04T22:30:27 IST">
          <reporter-output>
          </reporter-output>
        </test-method> <!-- setup -->
        <test-method status="PASS" signature="createEmployee()[pri:0, instance:com.employeeapi.testcase.TC003_Post_Employee_Record@4f063c0a]" name="createEmployee" is-config="true" duration-ms="6092" started-at="2019-11-04T22:30:27 IST" finished-at="2019-11-04T22:30:33 IST">
          <reporter-output>
          </reporter-output>
        </test-method> <!-- createEmployee -->
        <test-method status="PASS" signature="checkContentType()[pri:0, instance:com.employeeapi.testcase.TC003_Post_Employee_Record@4f063c0a]" name="checkContentType" duration-ms="4" started-at="2019-11-04T22:30:33 IST" finished-at="2019-11-04T22:30:33 IST">
          <reporter-output>
          </reporter-output>
        </test-method> <!-- checkContentType -->
        <test-method status="FAIL" signature="checkResposeBody()[pri:0, instance:com.employeeapi.testcase.TC003_Post_Employee_Record@4f063c0a]" name="checkResposeBody" duration-ms="10" started-at="2019-11-04T22:30:33 IST" finished-at="2019-11-04T22:30:33 IST">
          <exception class="java.lang.AssertionError">
            <message>
              <![CDATA[expected [true] but found [false]]]>
            </message>
            <full-stacktrace>
              <![CDATA[java.lang.AssertionError: expected [true] but found [false]
at org.testng.Assert.fail(Assert.java:97)
at org.testng.Assert.assertEqualsImpl(Assert.java:136)
at org.testng.Assert.assertEquals(Assert.java:118)
at org.testng.Assert.assertEquals(Assert.java:751)
at org.testng.Assert.assertEquals(Assert.java:761)
at com.employeeapi.testcase.TC003_Post_Employee_Record.checkResposeBody(TC003_Post_Employee_Record.java:57)
at sun.reflect.NativeMethodAccessorImpl.invoke0(Native Method)
at sun.reflect.NativeMethodAccessorImpl.invoke(Unknown Source)
at sun.reflect.DelegatingMethodAccessorImpl.invoke(Unknown Source)
at java.lang.reflect.Method.invoke(Unknown Source)
at org.testng.internal.MethodInvocationHelper.invokeMethod(MethodInvocationHelper.java:133)
at org.testng.internal.TestInvoker.invokeMethod(TestInvoker.java:584)
at org.testng.internal.TestInvoker.invokeTestMethod(TestInvoker.java:172)
at org.testng.internal.MethodRunner.runInSequence(MethodRunner.java:46)
at org.testng.internal.TestInvoker$MethodInvocationAgent.invoke(TestInvoker.java:804)
at org.testng.internal.TestInvoker.invokeTestMethods(TestInvoker.java:145)
at org.testng.internal.TestMethodWorker.invokeTestMethods(TestMethodWorker.java:146)
at org.testng.internal.TestMethodWorker.run(TestMethodWorker.java:128)
at java.util.ArrayList.forEach(Unknown Source)
at org.testng.TestRunner.privateRun(TestRunner.java:770)
at org.testng.TestRunner.run(TestRunner.java:591)
at org.testng.SuiteRunner.runTest(SuiteRunner.java:402)
at org.testng.SuiteRunner.runSequentially(SuiteRunner.java:396)
at org.testng.SuiteRunner.privateRun(SuiteRunner.java:355)
at org.testng.SuiteRunner.run(SuiteRunner.java:304)
at org.testng.SuiteRunnerWorker.runSuite(SuiteRunnerWorker.java:53)
at org.testng.SuiteRunnerWorker.run(SuiteRunnerWorker.java:96)
at org.testng.TestNG.runSuitesSequentially(TestNG.java:1180)
at org.testng.TestNG.runSuitesLocally(TestNG.java:1102)
at org.testng.TestNG.runSuites(TestNG.java:1032)
at org.testng.TestNG.run(TestNG.java:1000)
at org.testng.remote.AbstractRemoteTestNG.run(AbstractRemoteTestNG.java:115)
at org.testng.remote.RemoteTestNG.initAndRun(RemoteTestNG.java:251)
at org.testng.remote.RemoteTestNG.main(RemoteTestNG.java:77)
]]>
            </full-stacktrace>
          </exception> <!-- java.lang.AssertionError -->
          <reporter-output>
          </reporter-output>
        </test-method> <!-- checkResposeBody -->
        <test-method status="PASS" signature="checkStatusCode()[pri:0, instance:com.employeeapi.testcase.TC003_Post_Employee_Record@4f063c0a]" name="checkStatusCode" duration-ms="6" started-at="2019-11-04T22:30:33 IST" finished-at="2019-11-04T22:30:33 IST">
          <reporter-output>
          </reporter-output>
        </test-method> <!-- checkStatusCode -->
        <test-method status="PASS" signature="checkcontentEncoding()[pri:0, instance:com.employeeapi.testcase.TC003_Post_Employee_Record@4f063c0a]" name="checkcontentEncoding" duration-ms="5" started-at="2019-11-04T22:30:33 IST" finished-at="2019-11-04T22:30:33 IST">
          <reporter-output>
          </reporter-output>
        </test-method> <!-- checkcontentEncoding -->
        <test-method status="PASS" signature="checkserverType()[pri:0, instance:com.employeeapi.testcase.TC003_Post_Employee_Record@4f063c0a]" name="checkserverType" duration-ms="4" started-at="2019-11-04T22:30:33 IST" finished-at="2019-11-04T22:30:33 IST">
          <reporter-output>
          </reporter-output>
        </test-method> <!-- checkserverType -->
        <test-method status="PASS" signature="checkstatusLine()[pri:0, instance:com.employeeapi.testcase.TC003_Post_Employee_Record@4f063c0a]" name="checkstatusLine" duration-ms="1" started-at="2019-11-04T22:30:33 IST" finished-at="2019-11-04T22:30:33 IST">
          <reporter-output>
          </reporter-output>
        </test-method> <!-- checkstatusLine -->
        <test-method status="PASS" signature="tearDown()[pri:0, instance:com.employeeapi.testcase.TC003_Post_Employee_Record@4f063c0a]" name="tearDown" is-config="true" duration-ms="1" started-at="2019-11-04T22:30:33 IST" finished-at="2019-11-04T22:30:33 IST">
          <reporter-output>
          </reporter-output>
        </test-method> <!-- tearDown -->
      </class> <!-- com.employeeapi.testcase.TC003_Post_Employee_Record -->
    </test> <!-- EmployeesRestAPITest -->
  </suite> <!-- EmployeesRestAPISuite -->
</testng-results>
