<?xml version="1.0" encoding="UTF-8"?>
<!-- Generated by org.testng.reporters.JUnitXMLReporter -->
<testsuite hostname="A11754" ignored="0" name="Default test" tests="6" failures="0" timestamp="2019-11-04T22:26:52 IST" time="10.206" errors="0">
  <testcase name="checkContentType" time="0.006" classname="com.employeeapi.testcase.TC004_Put_Employee_Record"/>
  <testcase name="checkResposeBody" time="0.005" classname="com.employeeapi.testcase.TC004_Put_Employee_Record"/>
  <testcase name="checkStatusCode" time="0.0" classname="com.employeeapi.testcase.TC004_Put_Employee_Record"/>
  <testcase name="checkcontentEncoding" time="0.003" classname="com.employeeapi.testcase.TC004_Put_Employee_Record"/>
  <testcase name="checkserverType" time="0.001" classname="com.employeeapi.testcase.TC004_Put_Employee_Record"/>
  <testcase name="checkstatusLine" time="0.004" classname="com.employeeapi.testcase.TC004_Put_Employee_Record"/>
</testsuite> <!-- Default test -->
